[1579379997.012][INFO]: Starting ChromeDriver 79.0.3945.36 (3582db32b33893869b8c1339e8f4d9ed1816f143-refs/branch-heads/3945@{#614})
[1579379997.012][INFO]: Please protect ports used by ChromeDriver and related test frameworks to prevent access by malicious code.
[1579379998.014][INFO]: [ed54d99809314d7aef5bcb795073e7fa] COMMAND InitSession {
   "capabilities": {
      "alwaysMatch": {
         "browserName": "chrome",
         "goog:chromeOptions": {
            "args": [ "--ignore-certificate-errors", "--incognito", "--headless", "--lang=en-us", "--log-level=3", "--disable-extensions", "--no-sandbox", "--disable-gpu", "--disable-dev-shm-usage" ],
            "extensions": [  ]
         },
         "platformName": "any"
      },
      "firstMatch": [ {

      } ]
   },
   "desiredCapabilities": {
      "browserName": "chrome",
      "goog:chromeOptions": {
         "args": [ "--ignore-certificate-errors", "--incognito", "--headless", "--lang=en-us", "--log-level=3", "--disable-extensions", "--no-sandbox", "--disable-gpu", "--disable-dev-shm-usage" ],
         "extensions": [  ]
      },
      "platform": "ANY",
      "version": ""
   }
}
[1579379998.015][INFO]: Populating Preferences file: {
   "alternate_error_pages": {
      "enabled": false
   },
   "autofill": {
      "enabled": false
   },
   "browser": {
      "check_default_browser": false
   },
   "distribution": {
      "import_bookmarks": false,
      "import_history": false,
      "import_search_engine": false,
      "make_chrome_default_for_user": false,
      "skip_first_run_ui": true
   },
   "dns_prefetching": {
      "enabled": false
   },
   "profile": {
      "content_settings": {
         "pattern_pairs": {
            "https://*,*": {
               "media-stream": {
                  "audio": "Default",
                  "video": "Default"
               }
            }
         }
      },
      "default_content_setting_values": {
         "geolocation": 1
      },
      "default_content_settings": {
         "geolocation": 1,
         "mouselock": 1,
         "notifications": 1,
         "popups": 1,
         "ppapi-broker": 1
      },
      "password_manager_enabled": false
   },
   "safebrowsing": {
      "enabled": false
   },
   "search": {
      "suggest_enabled": false
   },
   "translate": {
      "enabled": false
   }
}
[1579379998.015][INFO]: Populating Local State file: {
   "background_mode": {
      "enabled": false
   },
   "ssl": {
      "rev_checking": {
         "enabled": false
      }
   }
}
[1579379998.015][INFO]: Launching chrome: /usr/bin/google-chrome --disable-background-networking --disable-client-side-phishing-detection --disable-default-apps --disable-dev-shm-usage --disable-extensions --disable-extensions-except=/tmp/.com.google.Chrome.i9kg0G/internal --disable-gpu --disable-hang-monitor --disable-popup-blocking --disable-prompt-on-repost --disable-sync --enable-automation --enable-blink-features=ShadowDOMV0 --enable-logging --headless --ignore-certificate-errors --incognito --lang=en-us --log-level=3 --no-first-run --no-sandbox --password-store=basic --remote-debugging-port=0 --test-type=webdriver --use-mock-keychain --user-data-dir=/tmp/.com.google.Chrome.IjKxwW data:,

DevTools listening on ws://127.0.0.1:46577/devtools/browser/10191e32-c36e-4230-b1fc-796c8c6e320f
[1579379998.116][DEBUG]: DevTools HTTP Request: http://localhost:46577/json/version
[1579379998.118][DEBUG]: DevTools HTTP Response: {
   "Browser": "HeadlessChrome/79.0.3945.130",
   "Protocol-Version": "1.3",
   "User-Agent": "Mozilla/5.0 (X11; Linux x86_64) AppleWebKit/537.36 (KHTML, like Gecko) HeadlessChrome/79.0.3945.130 Safari/537.36",
   "V8-Version": "7.9.317.33",
   "WebKit-Version": "537.36 (@e22de67c28798d98833a7137c0e22876237fc40a)",
   "webSocketDebuggerUrl": "ws://localhost:46577/devtools/browser/10191e32-c36e-4230-b1fc-796c8c6e320f"
}

[1579379998.118][DEBUG]: DevTools HTTP Request: http://localhost:46577/json
[1579379998.119][DEBUG]: DevTools HTTP Response: [ {
   "description": "",
   "devtoolsFrontendUrl": "/devtools/inspector.html?ws=localhost:46577/devtools/page/CC66B5CCA05A1521524FAE2F458D7DFE",
   "id": "CC66B5CCA05A1521524FAE2F458D7DFE",
   "title": "",
   "type": "page",
   "url": "data:,",
   "webSocketDebuggerUrl": "ws://localhost:46577/devtools/page/CC66B5CCA05A1521524FAE2F458D7DFE"
} ]

[1579379998.119][DEBUG]: DevTools HTTP Request: http://localhost:46577/json
[1579379998.120][DEBUG]: DevTools HTTP Response: [ {
   "description": "",
   "devtoolsFrontendUrl": "/devtools/inspector.html?ws=localhost:46577/devtools/page/CC66B5CCA05A1521524FAE2F458D7DFE",
   "id": "CC66B5CCA05A1521524FAE2F458D7DFE",
   "title": "",
   "type": "page",
   "url": "data:,",
   "webSocketDebuggerUrl": "ws://localhost:46577/devtools/page/CC66B5CCA05A1521524FAE2F458D7DFE"
} ]

[1579379998.120][INFO]: resolved localhost to ["127.0.0.1"]
[1579379998.121][DEBUG]: DevTools WebSocket Command: Log.enable (id=1) CC66B5CCA05A1521524FAE2F458D7DFE {

}
[1579379998.121][DEBUG]: DevTools WebSocket Command: DOM.getDocument (id=2) CC66B5CCA05A1521524FAE2F458D7DFE {

}
[1579379998.121][DEBUG]: DevTools WebSocket Command: Target.setAutoAttach (id=3) CC66B5CCA05A1521524FAE2F458D7DFE {
   "autoAttach": true,
   "flatten": true,
   "waitForDebuggerOnStart": false
}
[1579379998.121][DEBUG]: DevTools WebSocket Command: Page.enable (id=4) CC66B5CCA05A1521524FAE2F458D7DFE {

}
[1579379998.121][DEBUG]: DevTools WebSocket Command: Page.enable (id=5) CC66B5CCA05A1521524FAE2F458D7DFE {

}
[1579379998.121][DEBUG]: DevTools WebSocket Command: Page.setDownloadBehavior (id=6) CC66B5CCA05A1521524FAE2F458D7DFE {
   "behavior": "allow",
   "downloadPath": "."
}
[1579379998.121][DEBUG]: DevTools WebSocket Response: Page.setDownloadBehavior (id=6) CC66B5CCA05A1521524FAE2F458D7DFE {

}
[1579379998.125][DEBUG]: DevTools WebSocket Response: Log.enable (id=1) CC66B5CCA05A1521524FAE2F458D7DFE {

}
[1579379998.125][DEBUG]: DevTools WebSocket Response: DOM.getDocument (id=2) CC66B5CCA05A1521524FAE2F458D7DFE {
   "root": {
      "backendNodeId": 2,
      "baseURL": "data:,",
      "childNodeCount": 1,
      "children": [ {
         "attributes": [  ],
         "backendNodeId": 3,
         "childNodeCount": 2,
         "children": [ {
            "attributes": [  ],
            "backendNodeId": 4,
            "childNodeCount": 0,
            "localName": "head",
            "nodeId": 3,
            "nodeName": "HEAD",
            "nodeType": 1,
            "nodeValue": "",
            "parentId": 2
         }, {
            "attributes": [  ],
            "backendNodeId": 5,
            "childNodeCount": 0,
            "localName": "body",
            "nodeId": 4,
            "nodeName": "BODY",
            "nodeType": 1,
            "nodeValue": "",
            "parentId": 2
         } ],
         "frameId": "CC66B5CCA05A1521524FAE2F458D7DFE",
         "localName": "html",
         "nodeId": 2,
         "nodeName": "HTML",
         "nodeType": 1,
         "nodeValue": "",
         "parentId": 1
      } ],
      "documentURL": "data:,",
      "localName": "",
      "nodeId": 1,
      "nodeName": "#document",
      "nodeType": 9,
      "nodeValue": "",
      "xmlVersion": ""
   }
}
[1579379998.125][DEBUG]: DevTools WebSocket Response: Target.setAutoAttach (id=3) CC66B5CCA05A1521524FAE2F458D7DFE {

}
[1579379998.126][DEBUG]: DevTools WebSocket Response: Page.enable (id=4) CC66B5CCA05A1521524FAE2F458D7DFE {

}
[1579379998.126][DEBUG]: DevTools WebSocket Response: Page.enable (id=5) CC66B5CCA05A1521524FAE2F458D7DFE {

}
[1579379998.126][DEBUG]: DevTools WebSocket Command: Runtime.enable (id=7) CC66B5CCA05A1521524FAE2F458D7DFE {

}
[1579379998.127][DEBUG]: DevTools WebSocket Event: Runtime.executionContextCreated CC66B5CCA05A1521524FAE2F458D7DFE {
   "context": {
      "auxData": {
         "frameId": "CC66B5CCA05A1521524FAE2F458D7DFE",
         "isDefault": true,
         "type": "default"
      },
      "id": 1,
      "name": "",
      "origin": "://"
   }
}
[1579379998.132][DEBUG]: DevTools WebSocket Response: Runtime.enable (id=7) CC66B5CCA05A1521524FAE2F458D7DFE {

}
[1579379998.132][DEBUG]: DevTools WebSocket Command: Page.enable (id=8) CC66B5CCA05A1521524FAE2F458D7DFE {

}
[1579379998.133][DEBUG]: DevTools WebSocket Response: Page.enable (id=8) CC66B5CCA05A1521524FAE2F458D7DFE {

}
[1579379998.133][DEBUG]: DevTools WebSocket Command: Runtime.enable (id=9) CC66B5CCA05A1521524FAE2F458D7DFE {

}
[1579379998.133][DEBUG]: DevTools WebSocket Response: Runtime.enable (id=9) CC66B5CCA05A1521524FAE2F458D7DFE {

}
[1579379998.134][DEBUG]: DevTools WebSocket Command: Runtime.evaluate (id=10) CC66B5CCA05A1521524FAE2F458D7DFE {
   "awaitPromise": true,
   "expression": "(function() { // Copyright (c) 2012 The Chromium Authors. All rights reserved.\n// Use of this source code is governed by a BSD-style license that can be\n// found in the LICENSE file.\n\n/**\n * Enum f...",
   "returnByValue": true
}
[1579379998.137][DEBUG]: DevTools WebSocket Response: Runtime.evaluate (id=10) CC66B5CCA05A1521524FAE2F458D7DFE {
   "result": {
      "type": "object",
      "value": {
         "status": 0,
         "value": 1
      }
   }
}
[1579379998.137][INFO]: [ed54d99809314d7aef5bcb795073e7fa] RESPONSE InitSession {
   "capabilities": {
      "acceptInsecureCerts": false,
      "browserName": "chrome",
      "browserVersion": "79.0.3945.130",
      "chrome": {
         "chromedriverVersion": "79.0.3945.36 (3582db32b33893869b8c1339e8f4d9ed1816f143-refs/branch-heads/3945@{#614})",
         "userDataDir": "/tmp/.com.google.Chrome.IjKxwW"
      },
      "goog:chromeOptions": {
         "debuggerAddress": "localhost:46577"
      },
      "networkConnectionEnabled": false,
      "pageLoadStrategy": "normal",
      "platformName": "linux",
      "proxy": {

      },
      "setWindowRect": true,
      "strictFileInteractability": false,
      "timeouts": {
         "implicit": 0,
         "pageLoad": 300000,
         "script": 30000
      },
      "unhandledPromptBehavior": "dismiss and notify"
   },
   "sessionId": "ed54d99809314d7aef5bcb795073e7fa"
}
